app/build 2/intermediates/manifest_merge_blame_file/debug/manifest-merger-blame-debug-report.txt
1<?xml version="1.0" encoding="utf-8"?>
2<manifest xmlns:android="http://schemas.android.com/apk/res/android"
3    package="be.kuleuven.timetoclimb"
4    android:versionCode="1"
5    android:versionName="1.0" >
6
7    <uses-sdk
8        android:minSdkVersion="23"
8-->src/main/AndroidManifest.xml
9        android:targetSdkVersion="32" />
9-->src/main/AndroidManifest.xml
10
11    <uses-permission android:name="android.permission.INTERNET" />
11-->src/main/AndroidManifest.xml:6:5-67
11-->src/main/AndroidManifest.xml:6:22-64
12    <uses-permission android:name="android.permission.CAMERA" />
12-->src/main/AndroidManifest.xml:7:5-65
12-->src/main/AndroidManifest.xml:7:22-62
13
14    <uses-feature android:name="android.hardware.camera" />
14-->src/main/AndroidManifest.xml:8:5-60
14-->src/main/AndroidManifest.xml:8:19-57
15
16    <uses-permission android:name="android.permission.WRITE_EXTERNAL_STORAGE" />
16-->src/main/AndroidManifest.xml:9:5-81
16-->src/main/AndroidManifest.xml:9:22-78
17
18    <application
18-->src/main/AndroidManifest.xml:11:5-51:19
19        android:allowBackup="true"
19-->src/main/AndroidManifest.xml:12:9-35
20        android:appComponentFactory="androidx.core.app.CoreComponentFactory"
20-->[androidx.core:core:1.7.0] AndroidManifest.xml:24:18-86
21        android:debuggable="true"
22        android:extractNativeLibs="false"
23        android:icon="@mipmap/ic_launcher"
23-->src/main/AndroidManifest.xml:13:9-43
24        android:label="@string/app_name"
24-->src/main/AndroidManifest.xml:14:9-41
25        android:roundIcon="@mipmap/ic_launcher_round"
25-->src/main/AndroidManifest.xml:15:9-54
26        android:supportsRtl="true"
26-->src/main/AndroidManifest.xml:16:9-35
27        android:theme="@style/Theme.TimeToClimb" >
27-->src/main/AndroidManifest.xml:17:9-49
28        <activity
28-->src/main/AndroidManifest.xml:18:9-26:20
29            android:name="be.kuleuven.timetoclimb.login.LoginActivity"
29-->src/main/AndroidManifest.xml:19:13-42
30            android:exported="true" >
30-->src/main/AndroidManifest.xml:20:13-36
31            <intent-filter>
31-->src/main/AndroidManifest.xml:21:13-25:29
32                <action android:name="android.intent.action.MAIN" />
32-->src/main/AndroidManifest.xml:22:17-69
32-->src/main/AndroidManifest.xml:22:25-66
33
34                <category android:name="android.intent.category.LAUNCHER" />
34-->src/main/AndroidManifest.xml:24:17-77
34-->src/main/AndroidManifest.xml:24:27-74
35            </intent-filter>
36        </activity>
37        <activity
37-->src/main/AndroidManifest.xml:27:9-29:40
38            android:name="be.kuleuven.timetoclimb.profile.ProfileActivity"
38-->src/main/AndroidManifest.xml:28:13-44
39            android:exported="false" />
39-->src/main/AndroidManifest.xml:29:13-37
40        <activity
40-->src/main/AndroidManifest.xml:30:9-32:40
41            android:name="be.kuleuven.timetoclimb.BioEditActivity"
41-->src/main/AndroidManifest.xml:31:13-44
42            android:exported="false" />
42-->src/main/AndroidManifest.xml:32:13-37
43        <activity
43-->src/main/AndroidManifest.xml:33:9-35:40
44            android:name="be.kuleuven.timetoclimb.EditNameActivity"
44-->src/main/AndroidManifest.xml:34:13-45
45            android:exported="false" />
45-->src/main/AndroidManifest.xml:35:13-37
46        <activity
46-->src/main/AndroidManifest.xml:36:9-38:40
47            android:name="be.kuleuven.timetoclimb.ImageEditActivity"
47-->src/main/AndroidManifest.xml:37:13-46
48            android:exported="false" />
48-->src/main/AndroidManifest.xml:38:13-37
49        <activity
49-->src/main/AndroidManifest.xml:39:9-41:40
50            android:name="be.kuleuven.timetoclimb.CalendarActivity"
50-->src/main/AndroidManifest.xml:40:13-45
51            android:exported="false" />
51-->src/main/AndroidManifest.xml:41:13-37
52        <activity
52-->src/main/AndroidManifest.xml:42:9-44:40
53            android:name="be.kuleuven.timetoclimb.EventCreator"
53-->src/main/AndroidManifest.xml:43:13-41
54            android:exported="false" />
54-->src/main/AndroidManifest.xml:44:13-37
55        <activity
55-->src/main/AndroidManifest.xml:45:9-47:40
56            android:name="be.kuleuven.timetoclimb.ViewDate"
56-->src/main/AndroidManifest.xml:46:13-37
57            android:exported="false" />
57-->src/main/AndroidManifest.xml:47:13-37
58        <activity
58-->src/main/AndroidManifest.xml:48:9-50:40
59            android:name="be.kuleuven.timetoclimb.Home"
59-->src/main/AndroidManifest.xml:49:13-33
60            android:exported="false" />
60-->src/main/AndroidManifest.xml:50:13-37
61
62        <provider
62-->[androidx.emoji2:emoji2:1.0.0] AndroidManifest.xml:26:9-34:20
63            android:name="androidx.startup.InitializationProvider"
63-->[androidx.emoji2:emoji2:1.0.0] AndroidManifest.xml:27:13-67
64            android:authorities="be.kuleuven.timetoclimb.androidx-startup"
64-->[androidx.emoji2:emoji2:1.0.0] AndroidManifest.xml:28:13-68
65            android:exported="false" >
65-->[androidx.emoji2:emoji2:1.0.0] AndroidManifest.xml:29:13-37
66            <meta-data
66-->[androidx.emoji2:emoji2:1.0.0] AndroidManifest.xml:31:13-33:52
67                android:name="androidx.emoji2.text.EmojiCompatInitializer"
67-->[androidx.emoji2:emoji2:1.0.0] AndroidManifest.xml:32:17-75
68                android:value="androidx.startup" />
68-->[androidx.emoji2:emoji2:1.0.0] AndroidManifest.xml:33:17-49
69            <meta-data
69-->[androidx.lifecycle:lifecycle-process:2.4.0] AndroidManifest.xml:31:13-33:52
70                android:name="androidx.lifecycle.ProcessLifecycleInitializer"
70-->[androidx.lifecycle:lifecycle-process:2.4.0] AndroidManifest.xml:32:17-78
71                android:value="androidx.startup" />
71-->[androidx.lifecycle:lifecycle-process:2.4.0] AndroidManifest.xml:33:17-49
72        </provider>
73
74        <uses-library
74-->[androidx.window:window:1.0.0] AndroidManifest.xml:25:9-27:40
75            android:name="androidx.window.extensions"
75-->[androidx.window:window:1.0.0] AndroidManifest.xml:26:13-54
76            android:required="false" />
76-->[androidx.window:window:1.0.0] AndroidManifest.xml:27:13-37
77        <uses-library
77-->[androidx.window:window:1.0.0] AndroidManifest.xml:28:9-30:40
78            android:name="androidx.window.sidecar"
78-->[androidx.window:window:1.0.0] AndroidManifest.xml:29:13-51
79            android:required="false" />
79-->[androidx.window:window:1.0.0] AndroidManifest.xml:30:13-37
80    </application>
81
82</manifest>